{
  "0 debug pnpm:scope": {
    "selected": 1
  },
  "1 debug pnpm:package-manifest": {
    "initial": {
      "scripts": {
        "preinstall": "node ../../bin.js npm"
      }
    },
    "prefix": "/home/zoltan/src/pnpm/only-allow/__fixtures__/npm"
  },
  "2 error pnpm": {
    "message": {
      "errno": 1,
      "code": "ELIFECYCLE",
      "pkgid": "@",
      "stage": "preinstall",
      "script": "node ../../bin.js npm"
    },
    "err": {
      "name": "Error",
      "message": "@ preinstall: `node ../../bin.js npm`\nExit status 1",
      "code": "ELIFECYCLE",
      "stack": "Error: @ preinstall: `node ../../bin.js npm`\nExit status 1\n    at EventEmitter.<anonymous> (/home/zoltan/.nvs/node/12.14.1/x64/pnpm-global/3/node_modules/.pnpm/registry.npmjs.org/pnpm/5.0.0-alpha.2/node_modules/pnpm/lib/node_modules/@zkochan/npm-lifecycle/index.js:302:16)\n    at EventEmitter.emit (events.js:223:5)\n    at ChildProcess.<anonymous> (/home/zoltan/.nvs/node/12.14.1/x64/pnpm-global/3/node_modules/.pnpm/registry.npmjs.org/pnpm/5.0.0-alpha.2/node_modules/pnpm/lib/node_modules/@zkochan/npm-lifecycle/lib/spawn.js:55:14)\n    at ChildProcess.emit (events.js:223:5)\n    at maybeClose (internal/child_process.js:1021:16)\n    at Process.ChildProcess._handle.onexit (internal/child_process.js:283:5)"
    }
  }
}